<?xml version="1.0" encoding="UTF-8"?>
<testsuite xmlns:xsi="http://www.w3.org/2001/XMLSchema-instance" xsi:noNamespaceSchemaLocation="https://maven.apache.org/surefire/maven-surefire-plugin/xsd/surefire-test-report.xsd" version="3.0.2" name="com.docmanager.common.util.FileUtilsTest" time="0.166" tests="4" errors="0" skipped="0" failures="0">
  <properties>
[...]
</properties>
  <testcase name="shouldSanitizeFilename" classname="com.docmanager.common.util.FileUtilsTest" time="0.075"/>
  <testcase name="shouldValidateFileSize" classname="com.docmanager.common.util.FileUtilsTest" time="0.006"/>
  <testcase name="shouldValidateAllowedExtensions" classname="com.docmanager.common.util.FileUtilsTest" time="0.003"/>
  <testcase name="shouldExtractExtension" classname="com.docmanager.common.util.FileUtilsTest" time="0.002"/>
</testsuite>