<?xml version="1.0" encoding="UTF-8"?>
<testsuite xmlns:xsi="http://www.w3.org/2001/XMLSchema-instance" xsi:noNamespaceSchemaLocation="https://maven.apache.org/surefire/maven-surefire-plugin/xsd/surefire-test-report.xsd" version="3.0.2" name="com.docmanager.metadata.service.MetadataServiceImplTest" time="2.945" tests="5" errors="0" skipped="0" failures="0">
  <properties>
[...]
</properties>
  <testcase name="shouldFindByDocumentId" classname="com.docmanager.metadata.service.MetadataServiceImplTest" time="2.705"/>
  <testcase name="shouldCreateMetadata" classname="com.docmanager.metadata.service.MetadataServiceImplTest" time="0.159">
    <system-out><![CDATA[2026-08-29T22:21:55.184-03:00  INFO 1120 --- [metadata-service] [           main] c.d.m.service.MetadataServiceImpl        : Criando metadados para documento: a186f902-ca2c-4960-9946-32f37690abff
]]></system-out>
  </testcase>
  <testcase name="shouldDeleteById" classname="com.docmanager.metadata.service.MetadataServiceImplTest" time="0.014">
    <system-out><![CDATA[2026-08-29T22:21:55.324-03:00  INFO 1120 --- [metadata-service] [           main] c.d.m.service.MetadataServiceImpl        : Excluindo metadados: 428119f4-031a-4b62-bd8c-b83f4ec0bce1
]]></system-out>
  </testcase>
  <testcase name="shouldSearchByCategoryAndTag" classname="com.docmanager.metadata.service.MetadataServiceImplTest" time="0.009"/>
  <testcase name="shouldThrowWhenNotFound" classname="com.docmanager.metadata.service.MetadataServiceImplTest" time="0.031"/>
</testsuite>