<?xml version="1.0" encoding="UTF-8"?>
<testsuite xmlns:xsi="http://www.w3.org/2001/XMLSchema-instance" xsi:noNamespaceSchemaLocation="https://maven.apache.org/surefire/maven-surefire-plugin/xsd/surefire-test-report.xsd" version="3.0.2" name="com.docmanager.version.VersionIntegrationTest" time="30.407" tests="6" errors="0" skipped="0" failures="0">
  <properties>
[...]
</properties>
  <testcase name="shouldCreateFirstVersion" classname="com.docmanager.version.VersionIntegrationTest" time="2.045">
    <system-out><![CDATA[22:22:17.094 [main] INFO org.springframework.test.context.support.AnnotationConfigContextLoaderUtils -- Could not detect default configuration classes for test class [com.docmanager.version.VersionIntegrationTest]: VersionIntegrationTest does not declare any static, non-private, non-final, nested classes annotated with @Configuration.
22:22:17.456 [main] INFO org.springframework.boot.test.context.SpringBootTestContextBootstrapper -- Found @SpringBootConfiguration com.docmanager.version.VersionServiceApplication for test class com.docmanager.version.VersionIntegrationTest

  .   ____          _            __ _ _
 /\\ / ___'_ __ _ _(_)_ __  __ _ \ \ \ \
( ( )\___ | '_ | '_| | '_ \/ _` | \ \ \ \
 \\/  ___)| |_)| | | | | || (_| |  ) ) ) )
  '  |____| .__|_| |_|_| |_\__, | / / / /
 =========|_|==============|___/=/_/_/_/

 :: Spring Boot ::                (v3.4.1)

2026-08-29T22:22:19.073-03:00  INFO 5220 --- [version-service] [           main] c.d.version.VersionIntegrationTest       : Starting VersionIntegrationTest using Java 21.0.12.1 with PID 5220 (started by danie in C:\Users\danie\Documents\projeto\projeto\docmanager-version-service)
2026-08-29T22:22:19.075-03:00  INFO 5220 --- [version-service] [           main] c.d.version.VersionIntegrationTest       : The following 1 profile is active: "dev"
2026-08-29T22:22:24.585-03:00  INFO 5220 --- [version-service] [           main] .s.d.r.c.RepositoryConfigurationDelegate : Bootstrapping Spring Data JPA repositories in DEFAULT mode.
2026-08-29T22:22:24.943-03:00  INFO 5220 --- [version-service] [           main] .s.d.r.c.RepositoryConfigurationDelegate : Finished Spring Data repository scanning in 303 ms. Found 2 JPA repository interfaces.
2026-08-29T22:22:29.908-03:00  INFO 5220 --- [version-service] [           main] o.hibernate.jpa.internal.util.LogHelper  : HHH000204: Processing PersistenceUnitInfo [name: default]
2026-08-29T22:22:30.425-03:00  INFO 5220 --- [version-service] [           main] org.hibernate.Version                    : HHH000412: Hibernate ORM core version 6.6.4.Final
2026-08-29T22:22:30.617-03:00  INFO 5220 --- [version-service] [           main] o.h.c.internal.RegionFactoryInitiator    : HHH000026: Second-level cache disabled
2026-08-29T22:22:31.615-03:00  INFO 5220 --- [version-service] [           main] o.s.o.j.p.SpringPersistenceUnitInfo      : No LoadTimeWeaver setup: ignoring JPA class transformer
2026-08-29T22:22:31.758-03:00  INFO 5220 --- [version-service] [           main] com.zaxxer.hikari.HikariDataSource       : HikariPool-1 - Starting...
2026-08-29T22:22:32.567-03:00  INFO 5220 --- [version-service] [           main] com.zaxxer.hikari.pool.HikariPool        : HikariPool-1 - Added connection conn0: url=jdbc:h2:mem:versiondb user=SA
2026-08-29T22:22:32.573-03:00  INFO 5220 --- [version-service] [           main] com.zaxxer.hikari.HikariDataSource       : HikariPool-1 - Start completed.
2026-08-29T22:22:32.758-03:00  INFO 5220 --- [version-service] [           main] org.hibernate.orm.connections.pooling    : HHH10001005: Database info:
	Database JDBC URL [Connecting through datasource 'HikariDataSource (HikariPool-1)']
	Database driver: undefined/unknown
	Database version: 2.3.232
	Autocommit mode: undefined/unknown
	Isolation level: undefined/unknown
	Minimum pool size: undefined/unknown
	Maximum pool size: undefined/unknown
2026-08-29T22:22:36.324-03:00  INFO 5220 --- [version-service] [           main] o.h.e.t.j.p.i.JtaPlatformInitiator       : HHH000489: No JTA platform available (set 'hibernate.transaction.jta.platform' to enable JTA platform integration)
Hibernate: 
    create table change_logs (
        id uuid not null,
        action varchar(255) not null,
        created_at timestamp(6),
        description varchar(1000),
        document_id uuid not null,
        performed_by varchar(255),
        version_number integer,
        primary key (id)
    )
Hibernate: 
    create table document_versions (
        id uuid not null,
        change_description varchar(500),
        checksum varchar(255),
        created_at timestamp(6),
        created_by varchar(255),
        document_id uuid not null,
        file_size bigint,
        storage_key varchar(255),
        version_number integer not null,
        primary key (id)
    )
Hibernate: 
    create index idx_log_doc_id 
       on change_logs (document_id)
Hibernate: 
    create index idx_log_created 
       on change_logs (created_at)
Hibernate: 
    create index idx_ver_doc_id 
       on document_versions (document_id)
Hibernate: 
    create index idx_ver_number 
       on document_versions (document_id, version_number)
Hibernate: 
    create index idx_ver_created 
       on document_versions (created_at)
2026-08-29T22:22:36.505-03:00  INFO 5220 --- [version-service] [           main] j.LocalContainerEntityManagerFactoryBean : Initialized JPA EntityManagerFactory for persistence unit 'default'
2026-08-29T22:22:43.490-03:00  INFO 5220 --- [version-service] [           main] o.s.b.a.h2.H2ConsoleAutoConfiguration    : H2 console available at '/h2-console'. Database available at 'jdbc:h2:mem:versiondb'
2026-08-29T22:22:43.680-03:00  INFO 5220 --- [version-service] [           main] o.s.b.t.m.w.SpringBootMockServletContext : Initializing Spring TestDispatcherServlet ''
2026-08-29T22:22:43.682-03:00  INFO 5220 --- [version-service] [           main] o.s.t.web.servlet.TestDispatcherServlet  : Initializing Servlet ''
2026-08-29T22:22:43.717-03:00  INFO 5220 --- [version-service] [           main] o.s.b.a.e.web.EndpointLinksResolver      : Exposing 2 endpoints beneath base path '/actuator'
2026-08-29T22:22:43.804-03:00  INFO 5220 --- [version-service] [           main] o.s.t.web.servlet.TestDispatcherServlet  : Completed initialization in 122 ms
2026-08-29T22:22:44.225-03:00  INFO 5220 --- [version-service] [           main] c.d.version.VersionIntegrationTest       : Started VersionIntegrationTest in 26.23 seconds (process running for 33.547)
2026-08-29T22:22:45.476-03:00  INFO 5220 --- [version-service] [           main] c.d.version.service.VersionServiceImpl   : Criando nova versão para documento: dcd88e3f-4c99-4dea-8bb6-4282cd0093b8
Hibernate: 
    select
        count(dv1_0.id) 
    from
        document_versions dv1_0 
    where
        dv1_0.document_id=?
2026-08-29T22:22:46.120-03:00  INFO 5220 --- [version-service] [           main] c.d.version.service.VersionServiceImpl   : Versão 1 criada para documento dcd88e3f-4c99-4dea-8bb6-4282cd0093b8
Hibernate: 
    insert 
    into
        document_versions
        (change_description, checksum, created_at, created_by, document_id, file_size, storage_key, version_number, id) 
    values
        (?, ?, ?, ?, ?, ?, ?, ?, ?)
Hibernate: 
    insert 
    into
        change_logs
        (action, created_at, description, document_id, performed_by, version_number, id) 
    values
        (?, ?, ?, ?, ?, ?, ?)
]]></system-out>
  </testcase>
  <testcase name="shouldCreateSecondVersion" classname="com.docmanager.version.VersionIntegrationTest" time="0.056">
    <system-out><![CDATA[2026-08-29T22:22:46.791-03:00  INFO 5220 --- [version-service] [           main] c.d.version.service.VersionServiceImpl   : Criando nova versão para documento: dcd88e3f-4c99-4dea-8bb6-4282cd0093b8
Hibernate: 
    select
        count(dv1_0.id) 
    from
        document_versions dv1_0 
    where
        dv1_0.document_id=?
2026-08-29T22:22:46.800-03:00  INFO 5220 --- [version-service] [           main] c.d.version.service.VersionServiceImpl   : Versão 2 criada para documento dcd88e3f-4c99-4dea-8bb6-4282cd0093b8
Hibernate: 
    insert 
    into
        document_versions
        (change_description, checksum, created_at, created_by, document_id, file_size, storage_key, version_number, id) 
    values
        (?, ?, ?, ?, ?, ?, ?, ?, ?)
Hibernate: 
    insert 
    into
        change_logs
        (action, created_at, description, document_id, performed_by, version_number, id) 
    values
        (?, ?, ?, ?, ?, ?, ?)
]]></system-out>
  </testcase>
  <testcase name="shouldListVersionsByDocument" classname="com.docmanager.version.VersionIntegrationTest" time="0.15">
    <system-out><![CDATA[Hibernate: 
    select
        dv1_0.id,
        dv1_0.change_description,
        dv1_0.checksum,
        dv1_0.created_at,
        dv1_0.created_by,
        dv1_0.document_id,
        dv1_0.file_size,
        dv1_0.storage_key,
        dv1_0.version_number 
    from
        document_versions dv1_0 
    where
        dv1_0.document_id=? 
    order by
        dv1_0.version_number desc 
    fetch
        first ? rows only
]]></system-out>
  </testcase>
  <testcase name="shouldGetLatestVersion" classname="com.docmanager.version.VersionIntegrationTest" time="0.029">
    <system-out><![CDATA[Hibernate: 
    select
        dv1_0.id,
        dv1_0.change_description,
        dv1_0.checksum,
        dv1_0.created_at,
        dv1_0.created_by,
        dv1_0.document_id,
        dv1_0.file_size,
        dv1_0.storage_key,
        dv1_0.version_number 
    from
        document_versions dv1_0 
    where
        dv1_0.document_id=? 
    order by
        dv1_0.version_number desc 
    fetch
        first ? rows only
]]></system-out>
  </testcase>
  <testcase name="shouldRestoreVersion" classname="com.docmanager.version.VersionIntegrationTest" time="0.08">
    <system-out><![CDATA[Hibernate: 
    select
        dv1_0.id,
        dv1_0.change_description,
        dv1_0.checksum,
        dv1_0.created_at,
        dv1_0.created_by,
        dv1_0.document_id,
        dv1_0.file_size,
        dv1_0.storage_key,
        dv1_0.version_number 
    from
        document_versions dv1_0 
    where
        dv1_0.id=?
2026-08-29T22:22:47.065-03:00  INFO 5220 --- [version-service] [           main] c.d.version.service.VersionServiceImpl   : Restaurando versão 1 do documento dcd88e3f-4c99-4dea-8bb6-4282cd0093b8
Hibernate: 
    select
        count(dv1_0.id) 
    from
        document_versions dv1_0 
    where
        dv1_0.document_id=?
Hibernate: 
    insert 
    into
        document_versions
        (change_description, checksum, created_at, created_by, document_id, file_size, storage_key, version_number, id) 
    values
        (?, ?, ?, ?, ?, ?, ?, ?, ?)
Hibernate: 
    insert 
    into
        change_logs
        (action, created_at, description, document_id, performed_by, version_number, id) 
    values
        (?, ?, ?, ?, ?, ?, ?)
]]></system-out>
  </testcase>
  <testcase name="shouldGetHistory" classname="com.docmanager.version.VersionIntegrationTest" time="0.067">
    <system-out><![CDATA[Hibernate: 
    select
        cl1_0.id,
        cl1_0.action,
        cl1_0.created_at,
        cl1_0.description,
        cl1_0.document_id,
        cl1_0.performed_by,
        cl1_0.version_number 
    from
        change_logs cl1_0 
    where
        cl1_0.document_id=? 
    order by
        cl1_0.created_at desc 
    fetch
        first ? rows only
]]></system-out>
  </testcase>
</testsuite>